<?xml version="1.0" encoding="UTF-8"?>
<!-- Generated by org.testng.reporters.JUnitReportReporter -->
<testsuite hostname="USER-20160229XJ" name="com.test.api.OneApi" tests="1" failures="0" timestamp="2 Jul 2018 09:17:23 GMT" time="0.184" errors="0">
  <testcase name="testapi" time="0.184" classname="com.test.api.OneApi"/>
</testsuite> <!-- com.test.api.OneApi -->
